This is pdfTeX, Version 3.141592653-2.6-1.40.22 (TeX Live 2022/dev/Debian) (preloaded format=pdflatex 2024.10.22)  27 APR 2025 21:30
entering extended mode
 restricted \write18 enabled.
 %&-line parsing enabled.
**title.tex
(./title.tex
LaTeX2e <2021-11-15> patch level 1
L3 programming layer <2022-01-21>

! LaTeX Error: Environment titlepage undefined.

See the LaTeX manual or LaTeX Companion for explanation.
Type  H <return>  for immediate help.
 ...                                              
                                                  
l.8   \begin{titlepage}
                       
Your command was ignored.
Type  I <command> <return>  to replace it with another command,
or  <return>  to continue without it.


! LaTeX Error: Missing \begin{document}.

See the LaTeX manual or LaTeX Companion for explanation.
Type  H <return>  for immediate help.
 ...                                              
                                                  
l.10     \begin{center}
                       
You're in trouble here.  Try typing  <return>  to proceed.
If that doesn't work, type  X <return>  to quit.


Overfull \hbox (20.0pt too wide) in paragraph at lines 10--10
[] 
 []

! Undefined control sequence.
l.11       \includegraphics
                           {img/msu_logo.jpg}
The control sequence at the end of the top line
of your error message was never \def'ed. If you have
misspelled it (e.g., `\hobx'), type `I' and the correct
spelling (e.g., `I\hbox'). Otherwise just continue,
and I'll forget about whatever was undefined.

Missing character: There is no i in font nullfont!
Missing character: There is no m in font nullfont!
Missing character: There is no g in font nullfont!
Missing character: There is no / in font nullfont!
Missing character: There is no m in font nullfont!
Missing character: There is no s in font nullfont!
Missing character: There is no u in font nullfont!
! Missing $ inserted.
<inserted text> 
                $
l.11       \includegraphics{img/msu_
                                    logo.jpg}
I've inserted a begin-math/end-math symbol since I think
you left one out. Proceed, with fingers crossed.

LaTeX Font Info:    External font `cmex10' loaded for size
(Font)              <7> on input line 11.
LaTeX Font Info:    External font `cmex10' loaded for size
(Font)              <5> on input line 11.
! Extra }, or forgotten $.
l.11       \includegraphics{img/msu_logo.jpg}
                                             
I've deleted a group-closing symbol because it seems to be
spurious, as in `$x}$'. But perhaps the } is legitimate and
you forgot something else, as in `\hbox{$x}'. In such cases
the way to recover is to insert both the forgotten and the
deleted material, e.g., by typing `I$}'.


! LaTeX Error: The font size command \normalsize is not defined:
               there is probably something wrong with the class file.

See the LaTeX manual or LaTeX Companion for explanation.
Type  H <return>  for immediate help.
 ...                                              
                                                  
l.12       \normalsize
                      
Your command was ignored.
Type  I <command> <return>  to replace it with another command,
or  <return>  to continue without it.


! LaTeX Error: There's no line here to end.

See the LaTeX manual or LaTeX Companion for explanation.
Type  H <return>  for immediate help.
 ...                                              
                                                  
l.13       \\
             [0.1cm]
Your command was ignored.
Type  I <command> <return>  to replace it with another command,
or  <return>  to continue without it.

! Missing $ inserted.
<inserted text> 
                $
l.13       \\
             [0.1cm]
I've inserted a begin-math/end-math symbol since I think
you left one out. Proceed, with fingers crossed.

! Missing } inserted.
<inserted text> 
                }
l.13       \\
             [0.1cm]
I've inserted something that you may have forgotten.
(See the <inserted text> above.)
With luck, this will get me unwedged. But if you
really didn't forget anything, try typing `2' now; then
my insertion and my current dilemma will both disappear.


Overfull \hbox (35.52037pt too wide) in paragraph at lines 11--13
 []\OML/cmm/m/it/10 ogo:jpg[]$ 
 []


! LaTeX Error: Unicode character –ú (U+041C)
               not set up for use with LaTeX.

See the LaTeX manual or LaTeX Companion for explanation.
Type  H <return>  for immediate help.
 ...                                              
                                                  
l.14       –ú
             –æ—Å–∫–æ–≤—Å–∫–∏–π –≥–æ—Å—É–¥–∞—Ä—Å—Ç–≤–µ–Ω–Ω—ã–π —É–Ω–∏–≤–µ—Ä—...

You may provide a definition with
\DeclareUnicodeCharacter 


! LaTeX Error: Unicode character –æ (U+043E)
               not set up for use with LaTeX.

See the LaTeX manual or LaTeX Companion for explanation.
Type  H <return>  for immediate help.
 ...                                              
                                                  
l.14       –ú–æ
               —Å–∫–æ–≤—Å–∫–∏–π –≥–æ—Å—É–¥–∞—Ä—Å—Ç–≤–µ–Ω–Ω—ã–π —É–Ω–∏–≤–µ—Ä—...

You may provide a definition with
\DeclareUnicodeCharacter 


! LaTeX Error: Unicode character —Å (U+0441)
               not set up for use with LaTeX.

See the LaTeX manual or LaTeX Companion for explanation.
Type  H <return>  for immediate help.
 ...                                              
                                                  
l.14       –ú–æ—Å
                 –∫–æ–≤—Å–∫–∏–π –≥–æ—Å—É–¥–∞—Ä—Å—Ç–≤–µ–Ω–Ω—ã–π —É–Ω–∏–≤–µ—Ä—...

You may provide a definition with
\DeclareUnicodeCharacter 


! LaTeX Error: Unicode character –∫ (U+043A)
               not set up for use with LaTeX.

See the LaTeX manual or LaTeX Companion for explanation.
Type  H <return>  for immediate help.
 ...                                              
                                                  
l.14       –ú–æ—Å–∫
                   –æ–≤—Å–∫–∏–π –≥–æ—Å—É–¥–∞—Ä—Å—Ç–≤–µ–Ω–Ω—ã–π —É–Ω–∏–≤–µ—Ä—...

You may provide a definition with
\DeclareUnicodeCharacter 


! LaTeX Error: Unicode character –æ (U+043E)
               not set up for use with LaTeX.

See the LaTeX manual or LaTeX Companion for explanation.
Type  H <return>  for immediate help.
 ...                                              
                                                  
l.14       –ú–æ—Å–∫–æ
                     –≤—Å–∫–∏–π –≥–æ—Å—É–¥–∞—Ä—Å—Ç–≤–µ–Ω–Ω—ã–π —É–Ω–∏–≤–µ—Ä—...

You may provide a definition with
\DeclareUnicodeCharacter 


! LaTeX Error: Unicode character –≤ (U+0432)
               not set up for use with LaTeX.

See the LaTeX manual or LaTeX Companion for explanation.
Type  H <return>  for immediate help.
 ...                                              
                                                  
l.14       –ú–æ—Å–∫–æ–≤
                       —Å–∫–∏–π –≥–æ—Å—É–¥–∞—Ä—Å—Ç–≤–µ–Ω–Ω—ã–π —É–Ω–∏–≤–µ—Ä—...

You may provide a definition with
\DeclareUnicodeCharacter 


! LaTeX Error: Unicode character —Å (U+0441)
               not set up for use with LaTeX.

See the LaTeX manual or LaTeX Companion for explanation.
Type  H <return>  for immediate help.
 ...                                              
                                                  
l.14       –ú–æ—Å–∫–æ–≤—Å
                         –∫–∏–π –≥–æ—Å—É–¥–∞—Ä—Å—Ç–≤–µ–Ω–Ω—ã–π —É–Ω–∏–≤–µ—Ä—...

You may provide a definition with
\DeclareUnicodeCharacter 


! LaTeX Error: Unicode character –∫ (U+043A)
               not set up for use with LaTeX.

See the LaTeX manual or LaTeX Companion for explanation.
Type  H <return>  for immediate help.
 ...                                              
                                                  
l.14       –ú–æ—Å–∫–æ–≤—Å–∫
                           –∏–π –≥–æ—Å—É–¥–∞—Ä—Å—Ç–≤–µ–Ω–Ω—ã–π —É–Ω–∏–≤–µ—Ä—...

You may provide a definition with
\DeclareUnicodeCharacter 


! LaTeX Error: Unicode character –∏ (U+0438)
               not set up for use with LaTeX.

See the LaTeX manual or LaTeX Companion for explanation.
Type  H <return>  for immediate help.
 ...                                              
                                                  
l.14       –ú–æ—Å–∫–æ–≤—Å–∫–∏
                             –π –≥–æ—Å—É–¥–∞—Ä—Å—Ç–≤–µ–Ω–Ω—ã–π —É–Ω–∏–≤–µ—Ä—...

You may provide a definition with
\DeclareUnicodeCharacter 


! LaTeX Error: Unicode character –π (U+0439)
               not set up for use with LaTeX.

See the LaTeX manual or LaTeX Companion for explanation.
Type  H <return>  for immediate help.
 ...                                              
                                                  
l.14       –ú–æ—Å–∫–æ–≤—Å–∫–∏–π
                                –≥–æ—Å—É–¥–∞—Ä—Å—Ç–≤–µ–Ω–Ω—ã–π —É–Ω–∏–≤–µ—Ä—...

You may provide a definition with
\DeclareUnicodeCharacter 


! LaTeX Error: Unicode character –≥ (U+0433)
               not set up for use with LaTeX.

See the LaTeX manual or LaTeX Companion for explanation.
Type  H <return>  for immediate help.
 ...                                              
                                                  
l.14       –ú–æ—Å–∫–æ–≤—Å–∫–∏–π –≥
                                  –æ—Å—É–¥–∞—Ä—Å—Ç–≤–µ–Ω–Ω—ã–π —É–Ω–∏–≤–µ—Ä—...

You may provide a definition with
\DeclareUnicodeCharacter 


! LaTeX Error: Unicode character –æ (U+043E)
               not set up for use with LaTeX.

See the LaTeX manual or LaTeX Companion for explanation.
Type  H <return>  for immediate help.
 ...                                              
                                                  
l.14       –ú–æ—Å–∫–æ–≤—Å–∫–∏–π –≥–æ
                                    —Å—É–¥–∞—Ä—Å—Ç–≤–µ–Ω–Ω—ã–π —É–Ω–∏–≤–µ—Ä—...

You may provide a definition with
\DeclareUnicodeCharacter 


! LaTeX Error: Unicode character —Å (U+0441)
               not set up for use with LaTeX.

See the LaTeX manual or LaTeX Companion for explanation.
Type  H <return>  for immediate help.
 ...                                              
                                                  
l.14       –ú–æ—Å–∫–æ–≤—Å–∫–∏–π –≥–æ—Å
                                      —É–¥–∞—Ä—Å—Ç–≤–µ–Ω–Ω—ã–π —É–Ω–∏–≤–µ—Ä—...

You may provide a definition with
\DeclareUnicodeCharacter 


! LaTeX Error: Unicode character —É (U+0443)
               not set up for use with LaTeX.

See the LaTeX manual or LaTeX Companion for explanation.
Type  H <return>  for immediate help.
 ...                                              
                                                  
l.14       –ú–æ—Å–∫–æ–≤—Å–∫–∏–π –≥–æ—Å—É
                                        –¥–∞—Ä—Å—Ç–≤–µ–Ω–Ω—ã–π —É–Ω–∏–≤–µ—Ä—...

You may provide a definition with
\DeclareUnicodeCharacter 


! LaTeX Error: Unicode character –¥ (U+0434)
               not set up for use with LaTeX.

See the LaTeX manual or LaTeX Companion for explanation.
Type  H <return>  for immediate help.
 ...                                              
                                                  
l.14       –ú–æ—Å–∫–æ–≤—Å–∫–∏–π –≥–æ—Å—É–¥
                                          –∞—Ä—Å—Ç–≤–µ–Ω–Ω—ã–π —É–Ω–∏–≤–µ—Ä—...

You may provide a definition with
\DeclareUnicodeCharacter 


! LaTeX Error: Unicode character –∞ (U+0430)
               not set up for use with LaTeX.

See the LaTeX manual or LaTeX Companion for explanation.
Type  H <return>  for immediate help.
 ...                                              
                                                  
l.14       –ú–æ—Å–∫–æ–≤—Å–∫–∏–π –≥–æ—Å—É–¥–∞
                                            —Ä—Å—Ç–≤–µ–Ω–Ω—ã–π —É–Ω–∏–≤–µ—Ä—...

You may provide a definition with
\DeclareUnicodeCharacter 


! LaTeX Error: Unicode character —Ä (U+0440)
               not set up for use with LaTeX.

See the LaTeX manual or LaTeX Companion for explanation.
Type  H <return>  for immediate help.
 ...                                              
                                                  
l.14       –ú–æ—Å–∫–æ–≤—Å–∫–∏–π –≥–æ—Å—É–¥–∞—Ä
                                              —Å—Ç–≤–µ–Ω–Ω—ã–π —É–Ω–∏–≤–µ—Ä—...

You may provide a definition with
\DeclareUnicodeCharacter 


! LaTeX Error: Unicode character —Å (U+0441)
               not set up for use with LaTeX.

See the LaTeX manual or LaTeX Companion for explanation.
Type  H <return>  for immediate help.
 ...                                              
                                                  
l.14       –ú–æ—Å–∫–æ–≤—Å–∫–∏–π –≥–æ—Å—É–¥–∞—Ä—Å
                                                —Ç–≤–µ–Ω–Ω—ã–π —É–Ω–∏–≤–µ—Ä—...

You may provide a definition with
\DeclareUnicodeCharacter 


! LaTeX Error: Unicode character —Ç (U+0442)
               not set up for use with LaTeX.

See the LaTeX manual or LaTeX Companion for explanation.
Type  H <return>  for immediate help.
 ...                                              
                                                  
l.14       –ú–æ—Å–∫–æ–≤—Å–∫–∏–π –≥–æ—Å—É–¥–∞—Ä—Å—Ç
                                                  –≤–µ–Ω–Ω—ã–π —É–Ω–∏–≤–µ—Ä—...

You may provide a definition with
\DeclareUnicodeCharacter 


! LaTeX Error: Unicode character –≤ (U+0432)
               not set up for use with LaTeX.

See the LaTeX manual or LaTeX Companion for explanation.
Type  H <return>  for immediate help.
 ...                                              
                                                  
l.14 ... –ú–æ—Å–∫–æ–≤—Å–∫–∏–π –≥–æ—Å—É–¥–∞—Ä—Å—Ç–≤
                                                  –µ–Ω–Ω—ã–π —É–Ω–∏–≤–µ—Ä—Å–...

You may provide a definition with
\DeclareUnicodeCharacter 


! LaTeX Error: Unicode character –µ (U+0435)
               not set up for use with LaTeX.

See the LaTeX manual or LaTeX Companion for explanation.
Type  H <return>  for immediate help.
 ...                                              
                                                  
l.14 ...ú–æ—Å–∫–æ–≤—Å–∫–∏–π –≥–æ—Å—É–¥–∞—Ä—Å—Ç–≤–µ
                                                  –Ω–Ω—ã–π —É–Ω–∏–≤–µ—Ä—Å–∏—...

You may provide a definition with
\DeclareUnicodeCharacter 


! LaTeX Error: Unicode character –Ω (U+043D)
               not set up for use with LaTeX.

See the LaTeX manual or LaTeX Companion for explanation.
Type  H <return>  for immediate help.
 ...                                              
                                                  
l.14 ...æ—Å–∫–æ–≤—Å–∫–∏–π –≥–æ—Å—É–¥–∞—Ä—Å—Ç–≤–µ–Ω
                                                  –Ω—ã–π —É–Ω–∏–≤–µ—Ä—Å–∏—Ç–...

You may provide a definition with
\DeclareUnicodeCharacter 


! LaTeX Error: Unicode character –Ω (U+043D)
               not set up for use with LaTeX.

See the LaTeX manual or LaTeX Companion for explanation.
Type  H <return>  for immediate help.
 ...                                              
                                                  
l.14 ...Å–∫–æ–≤—Å–∫–∏–π –≥–æ—Å—É–¥–∞—Ä—Å—Ç–≤–µ–Ω–Ω
                                                  —ã–π —É–Ω–∏–≤–µ—Ä—Å–∏—Ç–µ—...

You may provide a definition with
\DeclareUnicodeCharacter 


! LaTeX Error: Unicode character —ã (U+044B)
               not set up for use with LaTeX.

See the LaTeX manual or LaTeX Companion for explanation.
Type  H <return>  for immediate help.
 ...                                              
                                                  
l.14 ...∫–æ–≤—Å–∫–∏–π –≥–æ—Å—É–¥–∞—Ä—Å—Ç–≤–µ–Ω–Ω—ã
                                                  –π —É–Ω–∏–≤–µ—Ä—Å–∏—Ç–µ—Ç ...

You may provide a definition with
\DeclareUnicodeCharacter 


! LaTeX Error: Unicode character –π (U+0439)
               not set up for use with LaTeX.

See the LaTeX manual or LaTeX Companion for explanation.
Type  H <return>  for immediate help.
 ...                                              
                                                  
l.14 ...æ–≤—Å–∫–∏–π –≥–æ—Å—É–¥–∞—Ä—Å—Ç–≤–µ–Ω–Ω—ã–π
                                                   —É–Ω–∏–≤–µ—Ä—Å–∏—Ç–µ—Ç –∏...

You may provide a definition with
\DeclareUnicodeCharacter 


! LaTeX Error: Unicode character —É (U+0443)
               not set up for use with LaTeX.

See the LaTeX manual or LaTeX Companion for explanation.
Type  H <return>  for immediate help.
 ...                                              
                                                  
l.14 ...—Å–∫–∏–π –≥–æ—Å—É–¥–∞—Ä—Å—Ç–≤–µ–Ω–Ω—ã–π —É
                                                  –Ω–∏–≤–µ—Ä—Å–∏—Ç–µ—Ç –∏–º–...

You may provide a definition with
\DeclareUnicodeCharacter 


! LaTeX Error: Unicode character –Ω (U+043D)
               not set up for use with LaTeX.

See the LaTeX manual or LaTeX Companion for explanation.
Type  H <return>  for immediate help.
 ...                                              
                                                  
l.14 ...–∫–∏–π –≥–æ—Å—É–¥–∞—Ä—Å—Ç–≤–µ–Ω–Ω—ã–π —É–Ω
                                                  –∏–≤–µ—Ä—Å–∏—Ç–µ—Ç –∏–º–µ–...

You may provide a definition with
\DeclareUnicodeCharacter 


! LaTeX Error: Unicode character –∏ (U+0438)
               not set up for use with LaTeX.

See the LaTeX manual or LaTeX Companion for explanation.
Type  H <return>  for immediate help.
 ...                                              
                                                  
l.14 ...–∏–π –≥–æ—Å—É–¥–∞—Ä—Å—Ç–≤–µ–Ω–Ω—ã–π —É–Ω–∏
                                                  –≤–µ—Ä—Å–∏—Ç–µ—Ç –∏–º–µ–Ω–...

You may provide a definition with
\DeclareUnicodeCharacter 


! LaTeX Error: Unicode character –≤ (U+0432)
               not set up for use with LaTeX.

See the LaTeX manual or LaTeX Companion for explanation.
Type  H <return>  for immediate help.
 ...                                              
                                                  
l.14 ...–π –≥–æ—Å—É–¥–∞—Ä—Å—Ç–≤–µ–Ω–Ω—ã–π —É–Ω–∏–≤
                                                  –µ—Ä—Å–∏—Ç–µ—Ç –∏–º–µ–Ω–∏ ...

You may provide a definition with
\DeclareUnicodeCharacter 


! LaTeX Error: Unicode character –µ (U+0435)
               not set up for use with LaTeX.

See the LaTeX manual or LaTeX Companion for explanation.
Type  H <return>  for immediate help.
 ...                                              
                                                  
l.14 ... –≥–æ—Å—É–¥–∞—Ä—Å—Ç–≤–µ–Ω–Ω—ã–π —É–Ω–∏–≤–µ
                                                  —Ä—Å–∏—Ç–µ—Ç –∏–º–µ–Ω–∏ –ú...

You may provide a definition with
\DeclareUnicodeCharacter 


! LaTeX Error: Unicode character —Ä (U+0440)
               not set up for use with LaTeX.

See the LaTeX manual or LaTeX Companion for explanation.
Type  H <return>  for immediate help.
 ...                                              
                                                  
l.14 ...≥–æ—Å—É–¥–∞—Ä—Å—Ç–≤–µ–Ω–Ω—ã–π —É–Ω–∏–≤–µ—Ä
                                                  —Å–∏—Ç–µ—Ç –∏–º–µ–Ω–∏ –ú.–...

You may provide a definition with
\DeclareUnicodeCharacter 


! LaTeX Error: Unicode character —Å (U+0441)
               not set up for use with LaTeX.

See the LaTeX manual or LaTeX Companion for explanation.
Type  H <return>  for immediate help.
 ...                                              
                                                  
l.14 ...æ—Å—É–¥–∞—Ä—Å—Ç–≤–µ–Ω–Ω—ã–π —É–Ω–∏–≤–µ—Ä—Å
                                                  –∏—Ç–µ—Ç –∏–º–µ–Ω–∏ –ú.–í....

You may provide a definition with
\DeclareUnicodeCharacter 


! LaTeX Error: Unicode character –∏ (U+0438)
               not set up for use with LaTeX.

See the LaTeX manual or LaTeX Companion for explanation.
Type  H <return>  for immediate help.
 ...                                              
                                                  
l.14 ...Å—É–¥–∞—Ä—Å—Ç–≤–µ–Ω–Ω—ã–π —É–Ω–∏–≤–µ—Ä—Å–∏
                                                  —Ç–µ—Ç –∏–º–µ–Ω–∏ –ú.–í.–õ...

You may provide a definition with
\DeclareUnicodeCharacter 


! LaTeX Error: Unicode character —Ç (U+0442)
               not set up for use with LaTeX.

See the LaTeX manual or LaTeX Companion for explanation.
Type  H <return>  for immediate help.
 ...                                              
                                                  
l.14 ...É–¥–∞—Ä—Å—Ç–≤–µ–Ω–Ω—ã–π —É–Ω–∏–≤–µ—Ä—Å–∏—Ç
                                                  –µ—Ç –∏–º–µ–Ω–∏ –ú.–í.–õ–æ...

You may provide a definition with
\DeclareUnicodeCharacter 


! LaTeX Error: Unicode character –µ (U+0435)
               not set up for use with LaTeX.

See the LaTeX manual or LaTeX Companion for explanation.
Type  H <return>  for immediate help.
 ...                                              
                                                  
l.14 ...¥–∞—Ä—Å—Ç–≤–µ–Ω–Ω—ã–π —É–Ω–∏–≤–µ—Ä—Å–∏—Ç–µ
                                                  —Ç –∏–º–µ–Ω–∏ –ú.–í.–õ–æ–º...

You may provide a definition with
\DeclareUnicodeCharacter 


! LaTeX Error: Unicode character —Ç (U+0442)
               not set up for use with LaTeX.

See the LaTeX manual or LaTeX Companion for explanation.
Type  H <return>  for immediate help.
 ...                                              
                                                  
l.14 ...∞—Ä—Å—Ç–≤–µ–Ω–Ω—ã–π —É–Ω–∏–≤–µ—Ä—Å–∏—Ç–µ—Ç
                                                   –∏–º–µ–Ω–∏ –ú.–í.–õ–æ–º–æ...

You may provide a definition with
\DeclareUnicodeCharacter 


! LaTeX Error: Unicode character –∏ (U+0438)
               not set up for use with LaTeX.

See the LaTeX manual or LaTeX Companion for explanation.
Type  H <return>  for immediate help.
 ...                                              
                                                  
l.14 ...—Å—Ç–≤–µ–Ω–Ω—ã–π —É–Ω–∏–≤–µ—Ä—Å–∏—Ç–µ—Ç –∏
                                                  –º–µ–Ω–∏ –ú.–í.–õ–æ–º–æ–Ω–...

You may provide a definition with
\DeclareUnicodeCharacter 


! LaTeX Error: Unicode character –º (U+043C)
               not set up for use with LaTeX.

See the LaTeX manual or LaTeX Companion for explanation.
Type  H <return>  for immediate help.
 ...                                              
                                                  
l.14 ...—Ç–≤–µ–Ω–Ω—ã–π —É–Ω–∏–≤–µ—Ä—Å–∏—Ç–µ—Ç –∏–º
                                                  –µ–Ω–∏ –ú.–í.–õ–æ–º–æ–Ω–æ—...

You may provide a definition with
\DeclareUnicodeCharacter 


! LaTeX Error: Unicode character –µ (U+0435)
               not set up for use with LaTeX.

See the LaTeX manual or LaTeX Companion for explanation.
Type  H <return>  for immediate help.
 ...                                              
                                                  
l.14 ...–≤–µ–Ω–Ω—ã–π —É–Ω–∏–≤–µ—Ä—Å–∏—Ç–µ—Ç –∏–º–µ
                                                  –Ω–∏ –ú.–í.–õ–æ–º–æ–Ω–æ—Å–...

You may provide a definition with
\DeclareUnicodeCharacter 


! LaTeX Error: Unicode character –Ω (U+043D)
               not set up for use with LaTeX.

See the LaTeX manual or LaTeX Companion for explanation.
Type  H <return>  for immediate help.
 ...                                              
                                                  
l.14 ...–µ–Ω–Ω—ã–π —É–Ω–∏–≤–µ—Ä—Å–∏—Ç–µ—Ç –∏–º–µ–Ω
                                                  –∏ –ú.–í.–õ–æ–º–æ–Ω–æ—Å–æ–≤–∞

You may provide a definition with
\DeclareUnicodeCharacter 


! LaTeX Error: Unicode character –∏ (U+0438)
               not set up for use with LaTeX.

See the LaTeX manual or LaTeX Companion for explanation.
Type  H <return>  for immediate help.
 ...                                              
                                                  
l.14 ...–Ω–Ω—ã–π —É–Ω–∏–≤–µ—Ä—Å–∏—Ç–µ—Ç –∏–º–µ–Ω–∏
                                                   –ú.–í.–õ–æ–º–æ–Ω–æ—Å–æ–≤–∞
You may provide a definition with
\DeclareUnicodeCharacter 


! LaTeX Error: Unicode character –ú (U+041C)
               not set up for use with LaTeX.

See the LaTeX manual or LaTeX Companion for explanation.
Type  H <return>  for immediate help.
 ...                                              
                                                  
l.14 ...Ω—ã–π —É–Ω–∏–≤–µ—Ä—Å–∏—Ç–µ—Ç –∏–º–µ–Ω–∏ –ú
                                                  .–í.–õ–æ–º–æ–Ω–æ—Å–æ–≤–∞
You may provide a definition with
\DeclareUnicodeCharacter 

Missing character: There is no . in font nullfont!

! LaTeX Error: Unicode character –í (U+0412)
               not set up for use with LaTeX.

See the LaTeX manual or LaTeX Companion for explanation.
Type  H <return>  for immediate help.
 ...                                              
                                                  
l.14 ...–π —É–Ω–∏–≤–µ—Ä—Å–∏—Ç–µ—Ç –∏–º–µ–Ω–∏ –ú.–í
                                                  .–õ–æ–º–æ–Ω–æ—Å–æ–≤–∞
You may provide a definition with
\DeclareUnicodeCharacter 

Missing character: There is no . in font nullfont!

! LaTeX Error: Unicode character –õ (U+041B)
               not set up for use with LaTeX.

See the LaTeX manual or LaTeX Companion for explanation.
Type  H <return>  for immediate help.
 ...                                              
                                                  
l.14 ...—É–Ω–∏–≤–µ—Ä—Å–∏—Ç–µ—Ç –∏–º–µ–Ω–∏ –ú.–í.–õ
                                                  –æ–º–æ–Ω–æ—Å–æ–≤–∞
You may provide a definition with
\DeclareUnicodeCharacter 


! LaTeX Error: Unicode character –æ (U+043E)
               not set up for use with LaTeX.

See the LaTeX manual or LaTeX Companion for explanation.
Type  H <return>  for immediate help.
 ...                                              
                                                  
l.14 ...–Ω–∏–≤–µ—Ä—Å–∏—Ç–µ—Ç –∏–º–µ–Ω–∏ –ú.–í.–õ–æ
                                                  –º–æ–Ω–æ—Å–æ–≤–∞
You may provide a definition with
\DeclareUnicodeCharacter 


! LaTeX Error: Unicode character –º (U+043C)
               not set up for use with LaTeX.

See the LaTeX manual or LaTeX Companion for explanation.
Type  H <return>  for immediate help.
 ...                                              
                                                  
l.14 ...–∏–≤–µ—Ä—Å–∏—Ç–µ—Ç –∏–º–µ–Ω–∏ –ú.–í.–õ–æ–º
                                                  –æ–Ω–æ—Å–æ–≤–∞
You may provide a definition with
\DeclareUnicodeCharacter 


! LaTeX Error: Unicode character –æ (U+043E)
               not set up for use with LaTeX.

See the LaTeX manual or LaTeX Companion for explanation.
Type  H <return>  for immediate help.
 ...                                              
                                                  
l.14 ...–≤–µ—Ä—Å–∏—Ç–µ—Ç –∏–º–µ–Ω–∏ –ú.–í.–õ–æ–º–æ
                                                  –Ω–æ—Å–æ–≤–∞
You may provide a definition with
\DeclareUnicodeCharacter 


! LaTeX Error: Unicode character –Ω (U+043D)
               not set up for use with LaTeX.

See the LaTeX manual or LaTeX Companion for explanation.
Type  H <return>  for immediate help.
 ...                                              
                                                  
l.14 ...–µ—Ä—Å–∏—Ç–µ—Ç –∏–º–µ–Ω–∏ –ú.–í.–õ–æ–º–æ–Ω
                                                  –æ—Å–æ–≤–∞
You may provide a definition with
\DeclareUnicodeCharacter 


! LaTeX Error: Unicode character –æ (U+043E)
               not set up for use with LaTeX.

See the LaTeX manual or LaTeX Companion for explanation.
Type  H <return>  for immediate help.
 ...                                              
                                                  
l.14 ...—Ä—Å–∏—Ç–µ—Ç –∏–º–µ–Ω–∏ –ú.–í.–õ–æ–º–æ–Ω–æ
                                                  —Å–æ–≤–∞
You may provide a definition with
\DeclareUnicodeCharacter 


! LaTeX Error: Unicode character —Å (U+0441)
               not set up for use with LaTeX.

See the LaTeX manual or LaTeX Companion for explanation.
Type  H <return>  for immediate help.
 ...                                              
                                                  
l.14 ...—Å–∏—Ç–µ—Ç –∏–º–µ–Ω–∏ –ú.–í.–õ–æ–º–æ–Ω–æ—Å
                                                  –æ–≤–∞
You may provide a definition with
\DeclareUnicodeCharacter 


! LaTeX Error: Unicode character –æ (U+043E)
               not set up for use with LaTeX.

See the LaTeX manual or LaTeX Companion for explanation.
Type  H <return>  for immediate help.
 ...                                              
                                                  
l.14 ...–∏—Ç–µ—Ç –∏–º–µ–Ω–∏ –ú.–í.–õ–æ–º–æ–Ω–æ—Å–æ
                                                  –≤–∞
You may provide a definition with
\DeclareUnicodeCharacter 


! LaTeX Error: Unicode character –≤ (U+0432)
               not set up for use with LaTeX.

See the LaTeX manual or LaTeX Companion for explanation.
Type  H <return>  for immediate help.
 ...                                              
                                                  
l.14 ...—Ç–µ—Ç –∏–º–µ–Ω–∏ –ú.–í.–õ–æ–º–æ–Ω–æ—Å–æ–≤
                                                  –∞
You may provide a definition with
\DeclareUnicodeCharacter 


! LaTeX Error: Unicode character –∞ (U+0430)
               not set up for use with LaTeX.

See the LaTeX manual or LaTeX Companion for explanation.
Type  H <return>  for immediate help.
 ...                                              
                                                  
l.14 ...–µ—Ç –∏–º–µ–Ω–∏ –ú.–í.–õ–æ–º–æ–Ω–æ—Å–æ–≤–∞
                                                  
You may provide a definition with
\DeclareUnicodeCharacter 


! LaTeX Error: Unicode character –§ (U+0424)
               not set up for use with LaTeX.

See the LaTeX manual or LaTeX Companion for explanation.
Type  H <return>  for immediate help.
 ...                                              
                                                  
l.16       –§
             –∞–∫—É–ª—å—Ç–µ—Ç –≤—ã—á–∏—Å–ª–∏—Ç–µ–ª—å–Ω–æ–π –º–∞—Ç–µ–º–∞—Ç–∏–...

You may provide a definition with
\DeclareUnicodeCharacter 


! LaTeX Error: Unicode character –∞ (U+0430)
               not set up for use with LaTeX.

See the LaTeX manual or LaTeX Companion for explanation.
Type  H <return>  for immediate help.
 ...                                              
                                                  
l.16       –§–∞
               –∫—É–ª—å—Ç–µ—Ç –≤—ã—á–∏—Å–ª–∏—Ç–µ–ª—å–Ω–æ–π –º–∞—Ç–µ–º–∞—Ç–∏–...

You may provide a definition with
\DeclareUnicodeCharacter 


! LaTeX Error: Unicode character –∫ (U+043A)
               not set up for use with LaTeX.

See the LaTeX manual or LaTeX Companion for explanation.
Type  H <return>  for immediate help.
 ...                                              
                                                  
l.16       –§–∞–∫
                 —É–ª—å—Ç–µ—Ç –≤—ã—á–∏—Å–ª–∏—Ç–µ–ª—å–Ω–æ–π –º–∞—Ç–µ–º–∞—Ç–∏–...

You may provide a definition with
\DeclareUnicodeCharacter 


! LaTeX Error: Unicode character —É (U+0443)
               not set up for use with LaTeX.

See the LaTeX manual or LaTeX Companion for explanation.
Type  H <return>  for immediate help.
 ...                                              
                                                  
l.16       –§–∞–∫—É
                   –ª—å—Ç–µ—Ç –≤—ã—á–∏—Å–ª–∏—Ç–µ–ª—å–Ω–æ–π –º–∞—Ç–µ–º–∞—Ç–∏–...

You may provide a definition with
\DeclareUnicodeCharacter 


! LaTeX Error: Unicode character –ª (U+043B)
               not set up for use with LaTeX.

See the LaTeX manual or LaTeX Companion for explanation.
Type  H <return>  for immediate help.
 ...                                              
                                                  
l.16       –§–∞–∫—É–ª
                     —å—Ç–µ—Ç –≤—ã—á–∏—Å–ª–∏—Ç–µ–ª—å–Ω–æ–π –º–∞—Ç–µ–º–∞—Ç–∏–...

You may provide a definition with
\DeclareUnicodeCharacter 


! LaTeX Error: Unicode character —å (U+044C)
               not set up for use with LaTeX.

See the LaTeX manual or LaTeX Companion for explanation.
Type  H <return>  for immediate help.
 ...                                              
                                                  
l.16       –§–∞–∫—É–ª—å
                       —Ç–µ—Ç –≤—ã—á–∏—Å–ª–∏—Ç–µ–ª—å–Ω–æ–π –º–∞—Ç–µ–º–∞—Ç–∏–...

You may provide a definition with
\DeclareUnicodeCharacter 


! LaTeX Error: Unicode character —Ç (U+0442)
               not set up for use with LaTeX.

See the LaTeX manual or LaTeX Companion for explanation.
Type  H <return>  for immediate help.
 ...                                              
                                                  
l.16       –§–∞–∫—É–ª—å—Ç
                         –µ—Ç –≤—ã—á–∏—Å–ª–∏—Ç–µ–ª—å–Ω–æ–π –º–∞—Ç–µ–º–∞—Ç–∏–...

You may provide a definition with
\DeclareUnicodeCharacter 


! LaTeX Error: Unicode character –µ (U+0435)
               not set up for use with LaTeX.

See the LaTeX manual or LaTeX Companion for explanation.
Type  H <return>  for immediate help.
 ...                                              
                                                  
l.16       –§–∞–∫—É–ª—å—Ç–µ
                           —Ç –≤—ã—á–∏—Å–ª–∏—Ç–µ–ª—å–Ω–æ–π –º–∞—Ç–µ–º–∞—Ç–∏–...

You may provide a definition with
\DeclareUnicodeCharacter 


! LaTeX Error: Unicode character —Ç (U+0442)
               not set up for use with LaTeX.

See the LaTeX manual or LaTeX Companion for explanation.
Type  H <return>  for immediate help.
 ...                                              
                                                  
l.16       –§–∞–∫—É–ª—å—Ç–µ—Ç
                              –≤—ã—á–∏—Å–ª–∏—Ç–µ–ª—å–Ω–æ–π –º–∞—Ç–µ–º–∞—Ç–∏–...

You may provide a definition with
\DeclareUnicodeCharacter 


! LaTeX Error: Unicode character –≤ (U+0432)
               not set up for use with LaTeX.

See the LaTeX manual or LaTeX Companion for explanation.
Type  H <return>  for immediate help.
 ...                                              
                                                  
l.16       –§–∞–∫—É–ª—å—Ç–µ—Ç –≤
                                —ã—á–∏—Å–ª–∏—Ç–µ–ª—å–Ω–æ–π –º–∞—Ç–µ–º–∞—Ç–∏–...

You may provide a definition with
\DeclareUnicodeCharacter 


! LaTeX Error: Unicode character —ã (U+044B)
               not set up for use with LaTeX.

See the LaTeX manual or LaTeX Companion for explanation.
Type  H <return>  for immediate help.
 ...                                              
                                                  
l.16       –§–∞–∫—É–ª—å—Ç–µ—Ç –≤—ã
                                  —á–∏—Å–ª–∏—Ç–µ–ª—å–Ω–æ–π –º–∞—Ç–µ–º–∞—Ç–∏–...

You may provide a definition with
\DeclareUnicodeCharacter 


! LaTeX Error: Unicode character —á (U+0447)
               not set up for use with LaTeX.

See the LaTeX manual or LaTeX Companion for explanation.
Type  H <return>  for immediate help.
 ...                                              
                                                  
l.16       –§–∞–∫—É–ª—å—Ç–µ—Ç –≤—ã—á
                                    –∏—Å–ª–∏—Ç–µ–ª—å–Ω–æ–π –º–∞—Ç–µ–º–∞—Ç–∏–...

You may provide a definition with
\DeclareUnicodeCharacter 


! LaTeX Error: Unicode character –∏ (U+0438)
               not set up for use with LaTeX.

See the LaTeX manual or LaTeX Companion for explanation.
Type  H <return>  for immediate help.
 ...                                              
                                                  
l.16       –§–∞–∫—É–ª—å—Ç–µ—Ç –≤—ã—á–∏
                                      —Å–ª–∏—Ç–µ–ª—å–Ω–æ–π –º–∞—Ç–µ–º–∞—Ç–∏–...

You may provide a definition with
\DeclareUnicodeCharacter 


! LaTeX Error: Unicode character —Å (U+0441)
               not set up for use with LaTeX.

See the LaTeX manual or LaTeX Companion for explanation.
Type  H <return>  for immediate help.
 ...                                              
                                                  
l.16       –§–∞–∫—É–ª—å—Ç–µ—Ç –≤—ã—á–∏—Å
                                        –ª–∏—Ç–µ–ª—å–Ω–æ–π –º–∞—Ç–µ–º–∞—Ç–∏–...

You may provide a definition with
\DeclareUnicodeCharacter 


! LaTeX Error: Unicode character –ª (U+043B)
               not set up for use with LaTeX.

See the LaTeX manual or LaTeX Companion for explanation.
Type  H <return>  for immediate help.
 ...                                              
                                                  
l.16       –§–∞–∫—É–ª—å—Ç–µ—Ç –≤—ã—á–∏—Å–ª
                                          –∏—Ç–µ–ª—å–Ω–æ–π –º–∞—Ç–µ–º–∞—Ç–∏–...

You may provide a definition with
\DeclareUnicodeCharacter 


! LaTeX Error: Unicode character –∏ (U+0438)
               not set up for use with LaTeX.

See the LaTeX manual or LaTeX Companion for explanation.
Type  H <return>  for immediate help.
 ...                                              
                                                  
l.16       –§–∞–∫—É–ª—å—Ç–µ—Ç –≤—ã—á–∏—Å–ª–∏
                                            —Ç–µ–ª—å–Ω–æ–π –º–∞—Ç–µ–º–∞—Ç–∏–...

You may provide a definition with
\DeclareUnicodeCharacter 


! LaTeX Error: Unicode character —Ç (U+0442)
               not set up for use with LaTeX.

See the LaTeX manual or LaTeX Companion for explanation.
Type  H <return>  for immediate help.
 ...                                              
                                                  
l.16       –§–∞–∫—É–ª—å—Ç–µ—Ç –≤—ã—á–∏—Å–ª–∏—Ç
                                              –µ–ª—å–Ω–æ–π –º–∞—Ç–µ–º–∞—Ç–∏–...

You may provide a definition with
\DeclareUnicodeCharacter 


! LaTeX Error: Unicode character –µ (U+0435)
               not set up for use with LaTeX.

See the LaTeX manual or LaTeX Companion for explanation.
Type  H <return>  for immediate help.
 ...                                              
                                                  
l.16       –§–∞–∫—É–ª—å—Ç–µ—Ç –≤—ã—á–∏—Å–ª–∏—Ç–µ
                                                –ª—å–Ω–æ–π –º–∞—Ç–µ–º–∞—Ç–∏–...

You may provide a definition with
\DeclareUnicodeCharacter 


! LaTeX Error: Unicode character –ª (U+043B)
               not set up for use with LaTeX.

See the LaTeX manual or LaTeX Companion for explanation.
Type  H <return>  for immediate help.
 ...                                              
                                                  
l.16       –§–∞–∫—É–ª—å—Ç–µ—Ç –≤—ã—á–∏—Å–ª–∏—Ç–µ–ª
                                                  —å–Ω–æ–π –º–∞—Ç–µ–º–∞—Ç–∏–...

You may provide a definition with
\DeclareUnicodeCharacter 


! LaTeX Error: Unicode character —å (U+044C)
               not set up for use with LaTeX.

See the LaTeX manual or LaTeX Companion for explanation.
Type  H <return>  for immediate help.
 ...                                              
                                                  
l.16 ... –§–∞–∫—É–ª—å—Ç–µ—Ç –≤—ã—á–∏—Å–ª–∏—Ç–µ–ª—å
                                                  –Ω–æ–π –º–∞—Ç–µ–º–∞—Ç–∏–∫–...

You may provide a definition with
\DeclareUnicodeCharacter 


! LaTeX Error: Unicode character –Ω (U+043D)
               not set up for use with LaTeX.

See the LaTeX manual or LaTeX Companion for explanation.
Type  H <return>  for immediate help.
 ...                                              
                                                  
l.16 ...§–∞–∫—É–ª—å—Ç–µ—Ç –≤—ã—á–∏—Å–ª–∏—Ç–µ–ª—å–Ω
                                                  –æ–π –º–∞—Ç–µ–º–∞—Ç–∏–∫–∏ ...

You may provide a definition with
\DeclareUnicodeCharacter 


! LaTeX Error: Unicode character –æ (U+043E)
               not set up for use with LaTeX.

See the LaTeX manual or LaTeX Companion for explanation.
Type  H <return>  for immediate help.
 ...                                              
                                                  
l.16 ...∞–∫—É–ª—å—Ç–µ—Ç –≤—ã—á–∏—Å–ª–∏—Ç–µ–ª—å–Ω–æ
                                                  –π –º–∞—Ç–µ–º–∞—Ç–∏–∫–∏ –∏...

You may provide a definition with
\DeclareUnicodeCharacter 


! LaTeX Error: Unicode character –π (U+0439)
               not set up for use with LaTeX.

See the LaTeX manual or LaTeX Companion for explanation.
Type  H <return>  for immediate help.
 ...                                              
                                                  
l.16 ...∫—É–ª—å—Ç–µ—Ç –≤—ã—á–∏—Å–ª–∏—Ç–µ–ª—å–Ω–æ–π
                                                   –º–∞—Ç–µ–º–∞—Ç–∏–∫–∏ –∏ –...

You may provide a definition with
\DeclareUnicodeCharacter 


! LaTeX Error: Unicode character –º (U+043C)
               not set up for use with LaTeX.

See the LaTeX manual or LaTeX Companion for explanation.
Type  H <return>  for immediate help.
 ...                                              
                                                  
l.16 ...–ª—å—Ç–µ—Ç –≤—ã—á–∏—Å–ª–∏—Ç–µ–ª—å–Ω–æ–π –º
                                                  –∞—Ç–µ–º–∞—Ç–∏–∫–∏ –∏ –∫–∏...

You may provide a definition with
\DeclareUnicodeCharacter 


! LaTeX Error: Unicode character –∞ (U+0430)
               not set up for use with LaTeX.

See the LaTeX manual or LaTeX Companion for explanation.
Type  H <return>  for immediate help.
 ...                                              
                                                  
l.16 ...—å—Ç–µ—Ç –≤—ã—á–∏—Å–ª–∏—Ç–µ–ª—å–Ω–æ–π –º–∞
                                                  —Ç–µ–º–∞—Ç–∏–∫–∏ –∏ –∫–∏–±...

You may provide a definition with
\DeclareUnicodeCharacter 


! LaTeX Error: Unicode character —Ç (U+0442)
               not set up for use with LaTeX.

See the LaTeX manual or LaTeX Companion for explanation.
Type  H <return>  for immediate help.
 ...                                              
                                                  
l.16 ...—Ç–µ—Ç –≤—ã—á–∏—Å–ª–∏—Ç–µ–ª—å–Ω–æ–π –º–∞—Ç
                                                  –µ–º–∞—Ç–∏–∫–∏ –∏ –∫–∏–±–µ...

You may provide a definition with
\DeclareUnicodeCharacter 


! LaTeX Error: Unicode character –µ (U+0435)
               not set up for use with LaTeX.

See the LaTeX manual or LaTeX Companion for explanation.
Type  H <return>  for immediate help.
 ...                                              
                                                  
l.16 ...–µ—Ç –≤—ã—á–∏—Å–ª–∏—Ç–µ–ª—å–Ω–æ–π –º–∞—Ç–µ
                                                  –º–∞—Ç–∏–∫–∏ –∏ –∫–∏–±–µ—Ä...

You may provide a definition with
\DeclareUnicodeCharacter 


! LaTeX Error: Unicode character –º (U+043C)
               not set up for use with LaTeX.

See the LaTeX manual or LaTeX Companion for explanation.
Type  H <return>  for immediate help.
 ...                                              
                                                  
l.16 ...—Ç –≤—ã—á–∏—Å–ª–∏—Ç–µ–ª—å–Ω–æ–π –º–∞—Ç–µ–º
                                                  –∞—Ç–∏–∫–∏ –∏ –∫–∏–±–µ—Ä–Ω...

You may provide a definition with
\DeclareUnicodeCharacter 


! LaTeX Error: Unicode character –∞ (U+0430)
               not set up for use with LaTeX.

See the LaTeX manual or LaTeX Companion for explanation.
Type  H <return>  for immediate help.
 ...                                              
                                                  
l.16 ... –≤—ã—á–∏—Å–ª–∏—Ç–µ–ª—å–Ω–æ–π –º–∞—Ç–µ–º–∞
                                                  —Ç–∏–∫–∏ –∏ –∫–∏–±–µ—Ä–Ω–µ...

You may provide a definition with
\DeclareUnicodeCharacter 


! LaTeX Error: Unicode character —Ç (U+0442)
               not set up for use with LaTeX.

See the LaTeX manual or LaTeX Companion for explanation.
Type  H <return>  for immediate help.
 ...                                              
                                                  
l.16 ...≤—ã—á–∏—Å–ª–∏—Ç–µ–ª—å–Ω–æ–π –º–∞—Ç–µ–º–∞—Ç
                                                  –∏–∫–∏ –∏ –∫–∏–±–µ—Ä–Ω–µ—Ç...

You may provide a definition with
\DeclareUnicodeCharacter 


! LaTeX Error: Unicode character –∏ (U+0438)
               not set up for use with LaTeX.

See the LaTeX manual or LaTeX Companion for explanation.
Type  H <return>  for immediate help.
 ...                                              
                                                  
l.16 ...ã—á–∏—Å–ª–∏—Ç–µ–ª—å–Ω–æ–π –º–∞—Ç–µ–º–∞—Ç–∏
                                                  –∫–∏ –∏ –∫–∏–±–µ—Ä–Ω–µ—Ç–∏...

You may provide a definition with
\DeclareUnicodeCharacter 


! LaTeX Error: Unicode character –∫ (U+043A)
               not set up for use with LaTeX.

See the LaTeX manual or LaTeX Companion for explanation.
Type  H <return>  for immediate help.
 ...                                              
                                                  
l.16 ...á–∏—Å–ª–∏—Ç–µ–ª—å–Ω–æ–π –º–∞—Ç–µ–º–∞—Ç–∏–∫
                                                  –∏ –∏ –∫–∏–±–µ—Ä–Ω–µ—Ç–∏–∫–∏
You may provide a definition with
\DeclareUnicodeCharacter 


! LaTeX Error: Unicode character –∏ (U+0438)
               not set up for use with LaTeX.

See the LaTeX manual or LaTeX Companion for explanation.
Type  H <return>  for immediate help.
 ...                                              
                                                  
l.16 ...∏—Å–ª–∏—Ç–µ–ª—å–Ω–æ–π –º–∞—Ç–µ–º–∞—Ç–∏–∫–∏
                                                   –∏ –∫–∏–±–µ—Ä–Ω–µ—Ç–∏–∫–∏
You may provide a definition with
\DeclareUnicodeCharacter 


! LaTeX Error: Unicode character –∏ (U+0438)
               not set up for use with LaTeX.

See the LaTeX manual or LaTeX Companion for explanation.
Type  H <return>  for immediate help.
 ...                                              
                                                  
l.16 ...–ª–∏—Ç–µ–ª—å–Ω–æ–π –º–∞—Ç–µ–º–∞—Ç–∏–∫–∏ –∏
                                                   –∫–∏–±–µ—Ä–Ω–µ—Ç–∏–∫–∏
You may provide a definition with
\DeclareUnicodeCharacter 


! LaTeX Error: Unicode character –∫ (U+043A)
               not set up for use with LaTeX.

See the LaTeX manual or LaTeX Companion for explanation.
Type  H <return>  for immediate help.
 ...                                              
                                                  
l.16 ...∏—Ç–µ–ª—å–Ω–æ–π –º–∞—Ç–µ–º–∞—Ç–∏–∫–∏ –∏ –∫
                                                  –∏–±–µ—Ä–Ω–µ—Ç–∏–∫–∏
You may provide a definition with
\DeclareUnicodeCharacter 


! LaTeX Error: Unicode character –∏ (U+0438)
               not set up for use with LaTeX.

See the LaTeX manual or LaTeX Companion for explanation.
Type  H <return>  for immediate help.
 ...                                              
                                                  
l.16 ...Ç–µ–ª—å–Ω–æ–π –º–∞—Ç–µ–º–∞—Ç–∏–∫–∏ –∏ –∫–∏
                                                  –±–µ—Ä–Ω–µ—Ç–∏–∫–∏
You may provide a definition with
\DeclareUnicodeCharacter 


! LaTeX Error: Unicode character –± (U+0431)
               not set up for use with LaTeX.

See the LaTeX manual or LaTeX Companion for explanation.
Type  H <return>  for immediate help.
 ...                                              
                                                  
l.16 ...µ–ª—å–Ω–æ–π –º–∞—Ç–µ–º–∞—Ç–∏–∫–∏ –∏ –∫–∏–±
                                                  –µ—Ä–Ω–µ—Ç–∏–∫–∏
You may provide a definition with
\DeclareUnicodeCharacter 


! LaTeX Error: Unicode character –µ (U+0435)
               not set up for use with LaTeX.

See the LaTeX manual or LaTeX Companion for explanation.
Type  H <return>  for immediate help.
 ...                                              
                                                  
l.16 ...ª—å–Ω–æ–π –º–∞—Ç–µ–º–∞—Ç–∏–∫–∏ –∏ –∫–∏–±–µ
                                                  —Ä–Ω–µ—Ç–∏–∫–∏
You may provide a definition with
\DeclareUnicodeCharacter 


! LaTeX Error: Unicode character —Ä (U+0440)
               not set up for use with LaTeX.

See the LaTeX manual or LaTeX Companion for explanation.
Type  H <return>  for immediate help.
 ...                                              
                                                  
l.16 ...å–Ω–æ–π –º–∞—Ç–µ–º–∞—Ç–∏–∫–∏ –∏ –∫–∏–±–µ—Ä
                                                  –Ω–µ—Ç–∏–∫–∏
You may provide a definition with
\DeclareUnicodeCharacter 


! LaTeX Error: Unicode character –Ω (U+043D)
               not set up for use with LaTeX.

See the LaTeX manual or LaTeX Companion for explanation.
Type  H <return>  for immediate help.
 ...                                              
                                                  
l.16 ...Ω–æ–π –º–∞—Ç–µ–º–∞—Ç–∏–∫–∏ –∏ –∫–∏–±–µ—Ä–Ω
                                                  –µ—Ç–∏–∫–∏
You may provide a definition with
\DeclareUnicodeCharacter 


! LaTeX Error: Unicode character –µ (U+0435)
               not set up for use with LaTeX.

See the LaTeX manual or LaTeX Companion for explanation.
Type  H <return>  for immediate help.
 ...                                              
                                                  
l.16 ...æ–π –º–∞—Ç–µ–º–∞—Ç–∏–∫–∏ –∏ –∫–∏–±–µ—Ä–Ω–µ
                                                  —Ç–∏–∫–∏
You may provide a definition with
\DeclareUnicodeCharacter 


! LaTeX Error: Unicode character —Ç (U+0442)
               not set up for use with LaTeX.

See the LaTeX manual or LaTeX Companion for explanation.
Type  H <return>  for immediate help.
 ...                                              
                                                  
l.16 ...π –º–∞—Ç–µ–º–∞—Ç–∏–∫–∏ –∏ –∫–∏–±–µ—Ä–Ω–µ—Ç
                                                  –∏–∫–∏
You may provide a definition with
\DeclareUnicodeCharacter 


! LaTeX Error: Unicode character –∏ (U+0438)
               not set up for use with LaTeX.

See the LaTeX manual or LaTeX Companion for explanation.
Type  H <return>  for immediate help.
 ...                                              
                                                  
l.16 ...–º–∞—Ç–µ–º–∞—Ç–∏–∫–∏ –∏ –∫–∏–±–µ—Ä–Ω–µ—Ç–∏
                                                  –∫–∏
You may provide a definition with
\DeclareUnicodeCharacter 


! LaTeX Error: Unicode character –∫ (U+043A)
               not set up for use with LaTeX.

See the LaTeX manual or LaTeX Companion for explanation.
Type  H <return>  for immediate help.
 ...                                              
                                                  
l.16 ...–∞—Ç–µ–º–∞—Ç–∏–∫–∏ –∏ –∫–∏–±–µ—Ä–Ω–µ—Ç–∏–∫
                                                  –∏
You may provide a definition with
\DeclareUnicodeCharacter 


! LaTeX Error: Unicode character –∏ (U+0438)
               not set up for use with LaTeX.

See the LaTeX manual or LaTeX Companion for explanation.
Type  H <return>  for immediate help.
 ...                                              
                                                  
l.16 ...—Ç–µ–º–∞—Ç–∏–∫–∏ –∏ –∫–∏–±–µ—Ä–Ω–µ—Ç–∏–∫–∏
                                                  
You may provide a definition with
\DeclareUnicodeCharacter 


! LaTeX Error: There's no line here to end.

See the LaTeX manual or LaTeX Companion for explanation.
Type  H <return>  for immediate help.
 ...                                              
                                                  
l.17       \\
             [0.1cm]
Your command was ignored.
Type  I <command> <return>  to replace it with another command,
or  <return>  to continue without it.


! LaTeX Error: Unicode character –ö (U+041A)
               not set up for use with LaTeX.

See the LaTeX manual or LaTeX Companion for explanation.
Type  H <return>  for immediate help.
 ...                                              
                                                  
l.18       –ö
             –∞—Ñ–µ–¥—Ä–∞ –≤—ã—á–∏—Å–ª–∏—Ç–µ–ª—å–Ω—ã—Ö —Ç–µ—Ö–Ω–æ–ª–æ–≥–∏–π ...

You may provide a definition with
\DeclareUnicodeCharacter 


! LaTeX Error: Unicode character –∞ (U+0430)
               not set up for use with LaTeX.

See the LaTeX manual or LaTeX Companion for explanation.
Type  H <return>  for immediate help.
 ...                                              
                                                  
l.18       –ö–∞
               —Ñ–µ–¥—Ä–∞ –≤—ã—á–∏—Å–ª–∏—Ç–µ–ª—å–Ω—ã—Ö —Ç–µ—Ö–Ω–æ–ª–æ–≥–∏–π ...

You may provide a definition with
\DeclareUnicodeCharacter 


! LaTeX Error: Unicode character —Ñ (U+0444)
               not set up for use with LaTeX.

See the LaTeX manual or LaTeX Companion for explanation.
Type  H <return>  for immediate help.
 ...                                              
                                                  
l.18       –ö–∞—Ñ
                 –µ–¥—Ä–∞ –≤—ã—á–∏—Å–ª–∏—Ç–µ–ª—å–Ω—ã—Ö —Ç–µ—Ö–Ω–æ–ª–æ–≥–∏–π ...

You may provide a definition with
\DeclareUnicodeCharacter 


! LaTeX Error: Unicode character –µ (U+0435)
               not set up for use with LaTeX.

See the LaTeX manual or LaTeX Companion for explanation.
Type  H <return>  for immediate help.
 ...                                              
                                                  
l.18       –ö–∞—Ñ–µ
                   –¥—Ä–∞ –≤—ã—á–∏—Å–ª–∏—Ç–µ–ª—å–Ω—ã—Ö —Ç–µ—Ö–Ω–æ–ª–æ–≥–∏–π ...

You may provide a definition with
\DeclareUnicodeCharacter 


! LaTeX Error: Unicode character –¥ (U+0434)
               not set up for use with LaTeX.

See the LaTeX manual or LaTeX Companion for explanation.
Type  H <return>  for immediate help.
 ...                                              
                                                  
l.18       –ö–∞—Ñ–µ–¥
                     —Ä–∞ –≤—ã—á–∏—Å–ª–∏—Ç–µ–ª—å–Ω—ã—Ö —Ç–µ—Ö–Ω–æ–ª–æ–≥–∏–π ...

You may provide a definition with
\DeclareUnicodeCharacter 


! LaTeX Error: Unicode character —Ä (U+0440)
               not set up for use with LaTeX.

See the LaTeX manual or LaTeX Companion for explanation.
Type  H <return>  for immediate help.
 ...                                              
                                                  
l.18       –ö–∞—Ñ–µ–¥—Ä
                       –∞ –≤—ã—á–∏—Å–ª–∏—Ç–µ–ª—å–Ω—ã—Ö —Ç–µ—Ö–Ω–æ–ª–æ–≥–∏–π ...

You may provide a definition with
\DeclareUnicodeCharacter 


! LaTeX Error: Unicode character –∞ (U+0430)
               not set up for use with LaTeX.

See the LaTeX manual or LaTeX Companion for explanation.
Type  H <return>  for immediate help.
 ...                                              
                                                  
l.18       –ö–∞—Ñ–µ–¥—Ä–∞
                          –≤—ã—á–∏—Å–ª–∏—Ç–µ–ª—å–Ω—ã—Ö —Ç–µ—Ö–Ω–æ–ª–æ–≥–∏–π ...

You may provide a definition with
\DeclareUnicodeCharacter 


! LaTeX Error: Unicode character –≤ (U+0432)
               not set up for use with LaTeX.

See the LaTeX manual or LaTeX Companion for explanation.
Type  H <return>  for immediate help.
 ...                                              
                                                  
l.18       –ö–∞—Ñ–µ–¥—Ä–∞ –≤
                            —ã—á–∏—Å–ª–∏—Ç–µ–ª—å–Ω—ã—Ö —Ç–µ—Ö–Ω–æ–ª–æ–≥–∏–π ...

You may provide a definition with
\DeclareUnicodeCharacter 


! LaTeX Error: Unicode character —ã (U+044B)
               not set up for use with LaTeX.

See the LaTeX manual or LaTeX Companion for explanation.
Type  H <return>  for immediate help.
 ...                                              
                                                  
l.18       –ö–∞—Ñ–µ–¥—Ä–∞ –≤—ã
                              —á–∏—Å–ª–∏—Ç–µ–ª—å–Ω—ã—Ö —Ç–µ—Ö–Ω–æ–ª–æ–≥–∏–π ...

You may provide a definition with
\DeclareUnicodeCharacter 


! LaTeX Error: Unicode character —á (U+0447)
               not set up for use with LaTeX.

See the LaTeX manual or LaTeX Companion for explanation.
Type  H <return>  for immediate help.
 ...                                              
                                                  
l.18       –ö–∞—Ñ–µ–¥—Ä–∞ –≤—ã—á
                                –∏—Å–ª–∏—Ç–µ–ª—å–Ω—ã—Ö —Ç–µ—Ö–Ω–æ–ª–æ–≥–∏–π ...

You may provide a definition with
\DeclareUnicodeCharacter 


! LaTeX Error: Unicode character –∏ (U+0438)
               not set up for use with LaTeX.

See the LaTeX manual or LaTeX Companion for explanation.
Type  H <return>  for immediate help.
 ...                                              
                                                  
l.18       –ö–∞—Ñ–µ–¥—Ä–∞ –≤—ã—á–∏
                                  —Å–ª–∏—Ç–µ–ª—å–Ω—ã—Ö —Ç–µ—Ö–Ω–æ–ª–æ–≥–∏–π ...

You may provide a definition with
\DeclareUnicodeCharacter 


! LaTeX Error: Unicode character —Å (U+0441)
               not set up for use with LaTeX.

See the LaTeX manual or LaTeX Companion for explanation.
Type  H <return>  for immediate help.
 ...                                              
                                                  
l.18       –ö–∞—Ñ–µ–¥—Ä–∞ –≤—ã—á–∏—Å
                                    –ª–∏—Ç–µ–ª—å–Ω—ã—Ö —Ç–µ—Ö–Ω–æ–ª–æ–≥–∏–π ...

You may provide a definition with
\DeclareUnicodeCharacter 


! LaTeX Error: Unicode character –ª (U+043B)
               not set up for use with LaTeX.

See the LaTeX manual or LaTeX Companion for explanation.
Type  H <return>  for immediate help.
 ...                                              
                                                  
l.18       –ö–∞—Ñ–µ–¥—Ä–∞ –≤—ã—á–∏—Å–ª
                                      –∏—Ç–µ–ª—å–Ω—ã—Ö —Ç–µ—Ö–Ω–æ–ª–æ–≥–∏–π ...

You may provide a definition with
\DeclareUnicodeCharacter 


! LaTeX Error: Unicode character –∏ (U+0438)
               not set up for use with LaTeX.

See the LaTeX manual or LaTeX Companion for explanation.
Type  H <return>  for immediate help.
 ...                                              
                                                  
l.18       –ö–∞—Ñ–µ–¥—Ä–∞ –≤—ã—á–∏—Å–ª–∏
                                        —Ç–µ–ª—å–Ω—ã—Ö —Ç–µ—Ö–Ω–æ–ª–æ–≥–∏–π ...

You may provide a definition with
\DeclareUnicodeCharacter 


! LaTeX Error: Unicode character —Ç (U+0442)
               not set up for use with LaTeX.

See the LaTeX manual or LaTeX Companion for explanation.
Type  H <return>  for immediate help.
 ...                                              
                                                  
l.18       –ö–∞—Ñ–µ–¥—Ä–∞ –≤—ã—á–∏—Å–ª–∏—Ç
                                          –µ–ª—å–Ω—ã—Ö —Ç–µ—Ö–Ω–æ–ª–æ–≥–∏–π ...

You may provide a definition with
\DeclareUnicodeCharacter 


! LaTeX Error: Unicode character –µ (U+0435)
               not set up for use with LaTeX.

See the LaTeX manual or LaTeX Companion for explanation.
Type  H <return>  for immediate help.
 ...                                              
                                                  
l.18       –ö–∞—Ñ–µ–¥—Ä–∞ –≤—ã—á–∏—Å–ª–∏—Ç–µ
                                            –ª—å–Ω—ã—Ö —Ç–µ—Ö–Ω–æ–ª–æ–≥–∏–π ...

You may provide a definition with
\DeclareUnicodeCharacter 


! LaTeX Error: Unicode character –ª (U+043B)
               not set up for use with LaTeX.

See the LaTeX manual or LaTeX Companion for explanation.
Type  H <return>  for immediate help.
 ...                                              
                                                  
l.18       –ö–∞—Ñ–µ–¥—Ä–∞ –≤—ã—á–∏—Å–ª–∏—Ç–µ–ª
                                              —å–Ω—ã—Ö —Ç–µ—Ö–Ω–æ–ª–æ–≥–∏–π ...

You may provide a definition with
\DeclareUnicodeCharacter 


! LaTeX Error: Unicode character —å (U+044C)
               not set up for use with LaTeX.

See the LaTeX manual or LaTeX Companion for explanation.
Type  H <return>  for immediate help.
 ...                                              
                                                  
l.18       –ö–∞—Ñ–µ–¥—Ä–∞ –≤—ã—á–∏—Å–ª–∏—Ç–µ–ª—å
                                                –Ω—ã—Ö —Ç–µ—Ö–Ω–æ–ª–æ–≥–∏–π ...

You may provide a definition with
\DeclareUnicodeCharacter 


! LaTeX Error: Unicode character –Ω (U+043D)
               not set up for use with LaTeX.

See the LaTeX manual or LaTeX Companion for explanation.
Type  H <return>  for immediate help.
 ...                                              
                                                  
l.18       –ö–∞—Ñ–µ–¥—Ä–∞ –≤—ã—á–∏—Å–ª–∏—Ç–µ–ª—å–Ω
                                                  —ã—Ö —Ç–µ—Ö–Ω–æ–ª–æ–≥–∏–π ...

You may provide a definition with
\DeclareUnicodeCharacter 


! LaTeX Error: Unicode character —ã (U+044B)
               not set up for use with LaTeX.

See the LaTeX manual or LaTeX Companion for explanation.
Type  H <return>  for immediate help.
 ...                                              
                                                  
l.18 ... –ö–∞—Ñ–µ–¥—Ä–∞ –≤—ã—á–∏—Å–ª–∏—Ç–µ–ª—å–Ω—ã
                                                  —Ö —Ç–µ—Ö–Ω–æ–ª–æ–≥–∏–π –∏...

You may provide a definition with
\DeclareUnicodeCharacter 


! LaTeX Error: Unicode character —Ö (U+0445)
               not set up for use with LaTeX.

See the LaTeX manual or LaTeX Companion for explanation.
Type  H <return>  for immediate help.
 ...                                              
                                                  
l.18 ...ö–∞—Ñ–µ–¥—Ä–∞ –≤—ã—á–∏—Å–ª–∏—Ç–µ–ª—å–Ω—ã—Ö
                                                   —Ç–µ—Ö–Ω–æ–ª–æ–≥–∏–π –∏ –...

You may provide a definition with
\DeclareUnicodeCharacter 


! LaTeX Error: Unicode character —Ç (U+0442)
               not set up for use with LaTeX.

See the LaTeX manual or LaTeX Companion for explanation.
Type  H <return>  for immediate help.
 ...                                              
                                                  
l.18 ...—Ñ–µ–¥—Ä–∞ –≤—ã—á–∏—Å–ª–∏—Ç–µ–ª—å–Ω—ã—Ö —Ç
                                                  –µ—Ö–Ω–æ–ª–æ–≥–∏–π –∏ –º–æ...

You may provide a definition with
\DeclareUnicodeCharacter 


! LaTeX Error: Unicode character –µ (U+0435)
               not set up for use with LaTeX.

See the LaTeX manual or LaTeX Companion for explanation.
Type  H <return>  for immediate help.
 ...                                              
                                                  
l.18 ...–µ–¥—Ä–∞ –≤—ã—á–∏—Å–ª–∏—Ç–µ–ª—å–Ω—ã—Ö —Ç–µ
                                                  —Ö–Ω–æ–ª–æ–≥–∏–π –∏ –º–æ–¥...

You may provide a definition with
\DeclareUnicodeCharacter 


! LaTeX Error: Unicode character —Ö (U+0445)
               not set up for use with LaTeX.

See the LaTeX manual or LaTeX Companion for explanation.
Type  H <return>  for immediate help.
 ...                                              
                                                  
l.18 ...–¥—Ä–∞ –≤—ã—á–∏—Å–ª–∏—Ç–µ–ª—å–Ω—ã—Ö —Ç–µ—Ö
                                                  –Ω–æ–ª–æ–≥–∏–π –∏ –º–æ–¥–µ...

You may provide a definition with
\DeclareUnicodeCharacter 


! LaTeX Error: Unicode character –Ω (U+043D)
               not set up for use with LaTeX.

See the LaTeX manual or LaTeX Companion for explanation.
Type  H <return>  for immediate help.
 ...                                              
                                                  
l.18 ...—Ä–∞ –≤—ã—á–∏—Å–ª–∏—Ç–µ–ª—å–Ω—ã—Ö —Ç–µ—Ö–Ω
                                                  –æ–ª–æ–≥–∏–π –∏ –º–æ–¥–µ–ª...

You may provide a definition with
\DeclareUnicodeCharacter 


! LaTeX Error: Unicode character –æ (U+043E)
               not set up for use with LaTeX.

See the LaTeX manual or LaTeX Companion for explanation.
Type  H <return>  for immediate help.
 ...                                              
                                                  
l.18 ...–∞ –≤—ã—á–∏—Å–ª–∏—Ç–µ–ª—å–Ω—ã—Ö —Ç–µ—Ö–Ω–æ
                                                  –ª–æ–≥–∏–π –∏ –º–æ–¥–µ–ª–∏...

You may provide a definition with
\DeclareUnicodeCharacter 


! LaTeX Error: Unicode character –ª (U+043B)
               not set up for use with LaTeX.

See the LaTeX manual or LaTeX Companion for explanation.
Type  H <return>  for immediate help.
 ...                                              
                                                  
l.18 ... –≤—ã—á–∏—Å–ª–∏—Ç–µ–ª—å–Ω—ã—Ö —Ç–µ—Ö–Ω–æ–ª
                                                  –æ–≥–∏–π –∏ –º–æ–¥–µ–ª–∏—Ä...

You may provide a definition with
\DeclareUnicodeCharacter 


! LaTeX Error: Unicode character –æ (U+043E)
               not set up for use with LaTeX.

See the LaTeX manual or LaTeX Companion for explanation.
Type  H <return>  for immediate help.
 ...                                              
                                                  
l.18 ...≤—ã—á–∏—Å–ª–∏—Ç–µ–ª—å–Ω—ã—Ö —Ç–µ—Ö–Ω–æ–ª–æ
                                                  –≥–∏–π –∏ –º–æ–¥–µ–ª–∏—Ä–æ...

You may provide a definition with
\DeclareUnicodeCharacter 


! LaTeX Error: Unicode character –≥ (U+0433)
               not set up for use with LaTeX.

See the LaTeX manual or LaTeX Companion for explanation.
Type  H <return>  for immediate help.
 ...                                              
                                                  
l.18 ...ã—á–∏—Å–ª–∏—Ç–µ–ª—å–Ω—ã—Ö —Ç–µ—Ö–Ω–æ–ª–æ–≥
                                                  –∏–π –∏ –º–æ–¥–µ–ª–∏—Ä–æ–≤...

You may provide a definition with
\DeclareUnicodeCharacter 


! LaTeX Error: Unicode character –∏ (U+0438)
               not set up for use with LaTeX.

See the LaTeX manual or LaTeX Companion for explanation.
Type  H <return>  for immediate help.
 ...                                              
                                                  
l.18 ...á–∏—Å–ª–∏—Ç–µ–ª—å–Ω—ã—Ö —Ç–µ—Ö–Ω–æ–ª–æ–≥–∏
                                                  –π –∏ –º–æ–¥–µ–ª–∏—Ä–æ–≤–∞...

You may provide a definition with
\DeclareUnicodeCharacter 


! LaTeX Error: Unicode character –π (U+0439)
               not set up for use with LaTeX.

See the LaTeX manual or LaTeX Companion for explanation.
Type  H <return>  for immediate help.
 ...                                              
                                                  
l.18 ...∏—Å–ª–∏—Ç–µ–ª—å–Ω—ã—Ö —Ç–µ—Ö–Ω–æ–ª–æ–≥–∏–π
                                                   –∏ –º–æ–¥–µ–ª–∏—Ä–æ–≤–∞–Ω...

You may provide a definition with
\DeclareUnicodeCharacter 


! LaTeX Error: Unicode character –∏ (U+0438)
               not set up for use with LaTeX.

See the LaTeX manual or LaTeX Companion for explanation.
Type  H <return>  for immediate help.
 ...                                              
                                                  
l.18 ...–ª–∏—Ç–µ–ª—å–Ω—ã—Ö —Ç–µ—Ö–Ω–æ–ª–æ–≥–∏–π –∏
                                                   –º–æ–¥–µ–ª–∏—Ä–æ–≤–∞–Ω–∏—è
You may provide a definition with
\DeclareUnicodeCharacter 


! LaTeX Error: Unicode character –º (U+043C)
               not set up for use with LaTeX.

See the LaTeX manual or LaTeX Companion for explanation.
Type  H <return>  for immediate help.
 ...                                              
                                                  
l.18 ...∏—Ç–µ–ª—å–Ω—ã—Ö —Ç–µ—Ö–Ω–æ–ª–æ–≥–∏–π –∏ –º
                                                  –æ–¥–µ–ª–∏—Ä–æ–≤–∞–Ω–∏—è
You may provide a definition with
\DeclareUnicodeCharacter 


! LaTeX Error: Unicode character –æ (U+043E)
               not set up for use with LaTeX.

See the LaTeX manual or LaTeX Companion for explanation.
Type  H <return>  for immediate help.
 ...                                              
                                                  
l.18 ...Ç–µ–ª—å–Ω—ã—Ö —Ç–µ—Ö–Ω–æ–ª–æ–≥–∏–π –∏ –º–æ
                                                  –¥–µ–ª–∏—Ä–æ–≤–∞–Ω–∏—è
You may provide a definition with
\DeclareUnicodeCharacter 


! LaTeX Error: Unicode character –¥ (U+0434)
               not set up for use with LaTeX.

See the LaTeX manual or LaTeX Companion for explanation.
Type  H <return>  for immediate help.
 ...                                              
                                                  
l.18 ...µ–ª—å–Ω—ã—Ö —Ç–µ—Ö–Ω–æ–ª–æ–≥–∏–π –∏ –º–æ–¥
                                                  –µ–ª–∏—Ä–æ–≤–∞–Ω–∏—è
You may provide a definition with
\DeclareUnicodeCharacter 


! LaTeX Error: Unicode character –µ (U+0435)
               not set up for use with LaTeX.

See the LaTeX manual or LaTeX Companion for explanation.
Type  H <return>  for immediate help.
 ...                                              
                                                  
l.18 ...ª—å–Ω—ã—Ö —Ç–µ—Ö–Ω–æ–ª–æ–≥–∏–π –∏ –º–æ–¥–µ
                                                  –ª–∏—Ä–æ–≤–∞–Ω–∏—è
You may provide a definition with
\DeclareUnicodeCharacter 


! LaTeX Error: Unicode character –ª (U+043B)
               not set up for use with LaTeX.

See the LaTeX manual or LaTeX Companion for explanation.
Type  H <return>  for immediate help.
 ...                                              
                                                  
l.18 ...å–Ω—ã—Ö —Ç–µ—Ö–Ω–æ–ª–æ–≥–∏–π –∏ –º–æ–¥–µ–ª
                                                  –∏—Ä–æ–≤–∞–Ω–∏—è
You may provide a definition with
\DeclareUnicodeCharacter 


! LaTeX Error: Unicode character –∏ (U+0438)
               not set up for use with LaTeX.

See the LaTeX manual or LaTeX Companion for explanation.
Type  H <return>  for immediate help.
 ...                                              
                                                  
l.18 ...Ω—ã—Ö —Ç–µ—Ö–Ω–æ–ª–æ–≥–∏–π –∏ –º–æ–¥–µ–ª–∏
                                                  —Ä–æ–≤–∞–Ω–∏—è
You may provide a definition with
\DeclareUnicodeCharacter 


! LaTeX Error: Unicode character —Ä (U+0440)
               not set up for use with LaTeX.

See the LaTeX manual or LaTeX Companion for explanation.
Type  H <return>  for immediate help.
 ...                                              
                                                  
l.18 ...ã—Ö —Ç–µ—Ö–Ω–æ–ª–æ–≥–∏–π –∏ –º–æ–¥–µ–ª–∏—Ä
                                                  –æ–≤–∞–Ω–∏—è
You may provide a definition with
\DeclareUnicodeCharacter 


! LaTeX Error: Unicode character –æ (U+043E)
               not set up for use with LaTeX.

See the LaTeX manual or LaTeX Companion for explanation.
Type  H <return>  for immediate help.
 ...                                              
                                                  
l.18 ...Ö —Ç–µ—Ö–Ω–æ–ª–æ–≥–∏–π –∏ –º–æ–¥–µ–ª–∏—Ä–æ
                                                  –≤–∞–Ω–∏—è
You may provide a definition with
\DeclareUnicodeCharacter 


! LaTeX Error: Unicode character –≤ (U+0432)
               not set up for use with LaTeX.

See the LaTeX manual or LaTeX Companion for explanation.
Type  H <return>  for immediate help.
 ...                                              
                                                  
l.18 ...—Ç–µ—Ö–Ω–æ–ª–æ–≥–∏–π –∏ –º–æ–¥–µ–ª–∏—Ä–æ–≤
                                                  –∞–Ω–∏—è
You may provide a definition with
\DeclareUnicodeCharacter 


! LaTeX Error: Unicode character –∞ (U+0430)
               not set up for use with LaTeX.

See the LaTeX manual or LaTeX Companion for explanation.
Type  H <return>  for immediate help.
 ...                                              
                                                  
l.18 ...–µ—Ö–Ω–æ–ª–æ–≥–∏–π –∏ –º–æ–¥–µ–ª–∏—Ä–æ–≤–∞
                                                  –Ω–∏—è
You may provide a definition with
\DeclareUnicodeCharacter 


! LaTeX Error: Unicode character –Ω (U+043D)
               not set up for use with LaTeX.

See the LaTeX manual or LaTeX Companion for explanation.
Type  H <return>  for immediate help.
 ...                                              
                                                  
l.18 ...—Ö–Ω–æ–ª–æ–≥–∏–π –∏ –º–æ–¥–µ–ª–∏—Ä–æ–≤–∞–Ω
                                                  –∏—è
You may provide a definition with
\DeclareUnicodeCharacter 


! LaTeX Error: Unicode character –∏ (U+0438)
               not set up for use with LaTeX.

See the LaTeX manual or LaTeX Companion for explanation.
Type  H <return>  for immediate help.
 ...                                              
                                                  
l.18 ...–Ω–æ–ª–æ–≥–∏–π –∏ –º–æ–¥–µ–ª–∏—Ä–æ–≤–∞–Ω–∏
                                                  —è
You may provide a definition with
\DeclareUnicodeCharacter 


! LaTeX Error: Unicode character —è (U+044F)
               not set up for use with LaTeX.

See the LaTeX manual or LaTeX Companion for explanation.
Type  H <return>  for immediate help.
 ...                                              
                                                  
l.18 ...–æ–ª–æ–≥–∏–π –∏ –º–æ–¥–µ–ª–∏—Ä–æ–≤–∞–Ω–∏—è
                                                  
You may provide a definition with
\DeclareUnicodeCharacter 


! LaTeX Error: There's no line here to end.

See the LaTeX manual or LaTeX Companion for explanation.
Type  H <return>  for immediate help.
 ...                                              
                                                  
l.19       \\
             [1.5cm]
Your command was ignored.
Type  I <command> <return>  to replace it with another command,
or  <return>  to continue without it.

! Undefined control sequence.
l.20       {\Large
                   –ö–∏—Ä—è–∫–∏–Ω –ú–∞–∫—Å–∏–º –í–∞–ª–µ—Ä—å–µ–≤–∏—á}
The control sequence at the end of the top line
of your error message was never \def'ed. If you have
misspelled it (e.g., `\hobx'), type `I' and the correct
spelling (e.g., `I\hbox'). Otherwise just continue,
and I'll forget about whatever was undefined.


! LaTeX Error: Unicode character –ö (U+041A)
               not set up for use with LaTeX.

See the LaTeX manual or LaTeX Companion for explanation.
Type  H <return>  for immediate help.
 ...                                              
                                                  
l.20       {\Large –ö
                     –∏—Ä—è–∫–∏–Ω –ú–∞–∫—Å–∏–º –í–∞–ª–µ—Ä—å–µ–≤–∏—á}
You may provide a definition with
\DeclareUnicodeCharacter 


! LaTeX Error: Unicode character –∏ (U+0438)
               not set up for use with LaTeX.

See the LaTeX manual or LaTeX Companion for explanation.
Type  H <return>  for immediate help.
 ...                                              
                                                  
l.20       {\Large –ö–∏
                       —Ä—è–∫–∏–Ω –ú–∞–∫—Å–∏–º –í–∞–ª–µ—Ä—å–µ–≤–∏—á}
You may provide a definition with
\DeclareUnicodeCharacter 


! LaTeX Error: Unicode character —Ä (U+0440)
               not set up for use with LaTeX.

See the LaTeX manual or LaTeX Companion for explanation.
Type  H <return>  for immediate help.
 ...                                              
                                                  
l.20       {\Large –ö–∏—Ä
                         —è–∫–∏–Ω –ú–∞–∫—Å–∏–º –í–∞–ª–µ—Ä—å–µ–≤–∏—á}
You may provide a definition with
\DeclareUnicodeCharacter 


! LaTeX Error: Unicode character —è (U+044F)
               not set up for use with LaTeX.

See the LaTeX manual or LaTeX Companion for explanation.
Type  H <return>  for immediate help.
 ...                                              
                                                  
l.20       {\Large –ö–∏—Ä—è
                           –∫–∏–Ω –ú–∞–∫—Å–∏–º –í–∞–ª–µ—Ä—å–µ–≤–∏—á}
You may provide a definition with
\DeclareUnicodeCharacter 


! LaTeX Error: Unicode character –∫ (U+043A)
               not set up for use with LaTeX.

See the LaTeX manual or LaTeX Companion for explanation.
Type  H <return>  for immediate help.
 ...                                              
                                                  
l.20       {\Large –ö–∏—Ä—è–∫
                             –∏–Ω –ú–∞–∫—Å–∏–º –í–∞–ª–µ—Ä—å–µ–≤–∏—á}
You may provide a definition with
\DeclareUnicodeCharacter 


! LaTeX Error: Unicode character –∏ (U+0438)
               not set up for use with LaTeX.

See the LaTeX manual or LaTeX Companion for explanation.
Type  H <return>  for immediate help.
 ...                                              
                                                  
l.20       {\Large –ö–∏—Ä—è–∫–∏
                               –Ω –ú–∞–∫—Å–∏–º –í–∞–ª–µ—Ä—å–µ–≤–∏—á}
You may provide a definition with
\DeclareUnicodeCharacter 


! LaTeX Error: Unicode character –Ω (U+043D)
               not set up for use with LaTeX.

See the LaTeX manual or LaTeX Companion for explanation.
Type  H <return>  for immediate help.
 ...                                              
                                                  
l.20       {\Large –ö–∏—Ä—è–∫–∏–Ω
                                  –ú–∞–∫—Å–∏–º –í–∞–ª–µ—Ä—å–µ–≤–∏—á}
(That makes 100 errors; please try again.) 
Here is how much of TeX's memory you used:
 46 strings out of 479721
 736 string characters out of 5887696
 284865 words of memory out of 5000000
 18103 multiletter control sequences out of 15000+600000
 469259 words of font info for 28 fonts, out of 8000000 for 9000
 430 hyphenation exceptions out of 8191
 18i,2n,12p,160b,113s stack positions out of 5000i,500n,10000p,200000b,80000s

!  ==> Fatal error occurred, no output PDF file produced!
